# JRE version: Java(TM) SE Runtime Environment (13.0.2+8) (build 13.0.2+8)
# Java VM: Java HotSpot(TM) 64-Bit Server VM (13.0.2+8, mixed mode, sharing, tiered, compressed oops, g1 gc, windows-amd64)
Heap:
 garbage-first heap   total 949248K, used 254464K [0x0000000082800000, 0x0000000100000000)
  region size 1024K, 3 young (3072K), 3 survivors (3072K)
 Metaspace       used 1247K, capacity 5071K, committed 5120K, reserved 1056768K
  class space    used 115K, capacity 477K, committed 512K, reserved 1048576K
GC Heap History (20 events):
Event: 1.536 GC heap after
{Heap after GC invocations=3 (full 0):
 garbage-first heap   total 129024K, used 38912K [0x0000000082800000, 0x0000000100000000)
  region size 1024K, 1 young (1024K), 1 survivors (1024K)
 Metaspace       used 1247K, capacity 5071K, committed 5120K, reserved 1056768K
  class space    used 115K, capacity 477K, committed 512K, reserved 1048576K
}
Event: 1.558 GC heap before
{Heap before GC invocations=3 (full 0):
 garbage-first heap   total 129024K, used 50176K [0x0000000082800000, 0x0000000100000000)
  region size 1024K, 12 young (12288K), 1 survivors (1024K)
 Metaspace       used 1247K, capacity 5071K, committed 5120K, reserved 1056768K
  class space    used 115K, capacity 477K, committed 512K, reserved 1048576K
}
Event: 1.574 GC heap after
{Heap after GC invocations=4 (full 0):
 garbage-first heap   total 129024K, used 50176K [0x0000000082800000, 0x0000000100000000)
  region size 1024K, 2 young (2048K), 2 survivors (2048K)
 Metaspace       used 1247K, capacity 5071K, committed 5120K, reserved 1056768K
  class space    used 115K, capacity 477K, committed 512K, reserved 1048576K
}
Event: 1.602 GC heap before
{Heap before GC invocations=4 (full 0):
 garbage-first heap   total 129024K, used 69632K [0x0000000082800000, 0x0000000100000000)
  region size 1024K, 21 young (21504K), 2 survivors (2048K)
 Metaspace       used 1247K, capacity 5071K, committed 5120K, reserved 1056768K
  class space    used 115K, capacity 477K, committed 512K, reserved 1048576K
}
Event: 1.622 GC heap after
{Heap after GC invocations=5 (full 0):
 garbage-first heap   total 173056K, used 68096K [0x0000000082800000, 0x0000000100000000)
  region size 1024K, 3 young (3072K), 3 survivors (3072K)
 Metaspace       used 1247K, capacity 5071K, committed 5120K, reserved 1056768K
  class space    used 115K, capacity 477K, committed 512K, reserved 1048576K
}
Event: 1.673 GC heap before
{Heap before GC invocations=5 (full 0):
 garbage-first heap   total 173056K, used 95744K [0x0000000082800000, 0x0000000100000000)
  region size 1024K, 30 young (30720K), 3 survivors (3072K)
 Metaspace       used 1247K, capacity 5071K, committed 5120K, reserved 1056768K
  class space    used 115K, capacity 477K, committed 512K, reserved 1048576K
}
Event: 1.698 GC heap after
{Heap after GC invocations=6 (full 0):
 garbage-first heap   total 173056K, used 93184K [0x0000000082800000, 0x0000000100000000)
  region size 1024K, 4 young (4096K), 4 survivors (4096K)
 Metaspace       used 1247K, capacity 5071K, committed 5120K, reserved 1056768K
  class space    used 115K, capacity 477K, committed 512K, reserved 1048576K
}
Event: 1.724 GC heap before
{Heap before GC invocations=6 (full 0):
 garbage-first heap   total 173056K, used 112640K [0x0000000082800000, 0x0000000100000000)
  region size 1024K, 23 young (23552K), 4 survivors (4096K)
 Metaspace       used 1247K, capacity 5071K, committed 5120K, reserved 1056768K
  class space    used 115K, capacity 477K, committed 512K, reserved 1048576K
}
Event: 1.740 GC heap after
{Heap after GC invocations=7 (full 0):
 garbage-first heap   total 173056K, used 111616K [0x0000000082800000, 0x0000000100000000)
  region size 1024K, 3 young (3072K), 3 survivors (3072K)
 Metaspace       used 1247K, capacity 5071K, committed 5120K, reserved 1056768K
  class space    used 115K, capacity 477K, committed 512K, reserved 1048576K
}
Event: 1.765 GC heap before
{Heap before GC invocations=7 (full 0):
 garbage-first heap   total 173056K, used 125952K [0x0000000082800000, 0x0000000100000000)
  region size 1024K, 17 young (17408K), 3 survivors (3072K)
 Metaspace       used 1247K, capacity 5071K, committed 5120K, reserved 1056768K
  class space    used 115K, capacity 477K, committed 512K, reserved 1048576K
}
Event: 1.777 GC heap after
{Heap after GC invocations=8 (full 0):
 garbage-first heap   total 173056K, used 125952K [0x0000000082800000, 0x0000000100000000)
  region size 1024K, 3 young (3072K), 3 survivors (3072K)
 Metaspace       used 1247K, capacity 5071K, committed 5120K, reserved 1056768K
  class space    used 115K, capacity 477K, committed 512K, reserved 1048576K
}
Event: 1.792 GC heap before
{Heap before GC invocations=8 (full 0):
 garbage-first heap   total 173056K, used 135168K [0x0000000082800000, 0x0000000100000000)
  region size 1024K, 12 young (12288K), 3 survivors (3072K)
 Metaspace       used 1247K, capacity 5071K, committed 5120K, reserved 1056768K
  class space    used 115K, capacity 477K, committed 512K, reserved 1048576K
}
Event: 1.832 GC heap after
{Heap after GC invocations=9 (full 0):
 garbage-first heap   total 322560K, used 135168K [0x0000000082800000, 0x0000000100000000)
  region size 1024K, 2 young (2048K), 2 survivors (2048K)
 Metaspace       used 1247K, capacity 5071K, committed 5120K, reserved 1056768K
  class space    used 115K, capacity 477K, committed 512K, reserved 1048576K
}
Event: 1.913 GC heap before
{Heap before GC invocations=9 (full 0):
 garbage-first heap   total 322560K, used 184320K [0x0000000082800000, 0x0000000100000000)
  region size 1024K, 50 young (51200K), 2 survivors (2048K)
 Metaspace       used 1247K, capacity 5071K, committed 5120K, reserved 1056768K
  class space    used 115K, capacity 477K, committed 512K, reserved 1048576K
}
Event: 1.940 GC heap after
{Heap after GC invocations=10 (full 0):
 garbage-first heap   total 322560K, used 180834K [0x0000000082800000, 0x0000000100000000)
  region size 1024K, 7 young (7168K), 7 survivors (7168K)
 Metaspace       used 1247K, capacity 5071K, committed 5120K, reserved 1056768K
  class space    used 115K, capacity 477K, committed 512K, reserved 1048576K
}
Event: 1.986 GC heap before
{Heap before GC invocations=10 (full 0):
 garbage-first heap   total 322560K, used 215650K [0x0000000082800000, 0x0000000100000000)
  region size 1024K, 41 young (41984K), 7 survivors (7168K)
 Metaspace       used 1247K, capacity 5071K, committed 5120K, reserved 1056768K
  class space    used 115K, capacity 477K, committed 512K, reserved 1048576K
}
Event: 2.009 GC heap after
{Heap after GC invocations=11 (full 0):
 garbage-first heap   total 322560K, used 214528K [0x0000000082800000, 0x0000000100000000)
  region size 1024K, 6 young (6144K), 6 survivors (6144K)
 Metaspace       used 1247K, capacity 5071K, committed 5120K, reserved 1056768K
  class space    used 115K, capacity 477K, committed 512K, reserved 1048576K
}
Event: 2.043 GC heap before
{Heap before GC invocations=12 (full 0):
 garbage-first heap   total 322560K, used 238080K [0x0000000082800000, 0x0000000100000000)
  region size 1024K, 29 young (29696K), 6 survivors (6144K)
 Metaspace       used 1247K, capacity 5071K, committed 5120K, reserved 1056768K
  class space    used 115K, capacity 477K, committed 512K, reserved 1048576K
}
Event: 2.061 GC heap after
{Heap after GC invocations=13 (full 0):
 garbage-first heap   total 322560K, used 238080K [0x0000000082800000, 0x0000000100000000)
  region size 1024K, 4 young (4096K), 4 survivors (4096K)
 Metaspace       used 1247K, capacity 5071K, committed 5120K, reserved 1056768K
  class space    used 115K, capacity 477K, committed 512K, reserved 1048576K
}
Event: 2.094 GC heap before
{Heap before GC invocations=13 (full 0):
 garbage-first heap   total 322560K, used 254464K [0x0000000082800000, 0x0000000100000000)
  region size 1024K, 20 young (20480K), 4 survivors (4096K)
 Metaspace       used 1247K, capacity 5071K, committed 5120K, reserved 1056768K
  class space    used 115K, capacity 477K, committed 512K, reserved 1048576K
}

